Using pre-set license
Built from '2020.2/release' branch; Version is '2020.2.2f1 (068178b99f32) revision 426360'; Using compiler version '192528614'; Build Type 'Release'
OS: 'Windows 10 Pro; OS build 18363.1316; Version 1909; 64bit' Language: 'fr' Physical Memory: 16269 MB
BatchMode: 1, IsHumanControllingUs: 0, StartBugReporterOnCrash: 0, Is64bit: 1, IsPro: 0

 COMMAND LINE ARGUMENTS:
C:\Program Files\Unity\Hub\Editor\2020.2.2f1\Editor\Unity.exe
-adb2
-batchMode
-noUpm
-name
AssetImportWorker0
-projectPath
C:/Users/Raphael/Documents/GitHub/Demo-Yso-Corp
-logFile
Logs/AssetImportWorker0.log
-srvPort
53009
Successfully changed project path to: C:/Users/Raphael/Documents/GitHub/Demo-Yso-Corp
C:/Users/Raphael/Documents/GitHub/Demo-Yso-Corp
Using Asset Import Pipeline V2.
Refreshing native plugins compatible for Editor in 76.08 ms, found 0 plugins.
Preloading 0 native plugins for Editor in 0.00 ms.
Initialize engine version: 2020.2.2f1 (068178b99f32)
[Subsystems] Discovering subsystems at path C:/Program Files/Unity/Hub/Editor/2020.2.2f1/Editor/Data/Resources/UnitySubsystems
[Subsystems] Discovering subsystems at path C:/Users/Raphael/Documents/GitHub/Demo-Yso-Corp/Assets
GfxDevice: creating device client; threaded=0
Direct3D:
    Version:  Direct3D 11.0 [level 11.1]
    Renderer: NVIDIA GeForce GTX 1060 (ID=0x1c20)
    Vendor:   
    VRAM:     6052 MB
    Driver:   26.21.14.4587
Shader 'Universal Render Pipeline/Particles/Lit': fallback shader 'Universal Render Pipeline/Particles/SimpleLit' not found
Initialize mono
Mono path[0] = 'C:/Program Files/Unity/Hub/Editor/2020.2.2f1/Editor/Data/Managed'
Mono path[1] = 'C:/Program Files/Unity/Hub/Editor/2020.2.2f1/Editor/Data/MonoBleedingEdge/lib/mono/unityjit'
Mono config path = 'C:/Program Files/Unity/Hub/Editor/2020.2.2f1/Editor/Data/MonoBleedingEdge/etc'
Using monoOptions --debugger-agent=transport=dt_socket,embedding=1,server=y,suspend=n,address=127.0.0.1:56424
Begin MonoManager ReloadAssembly
Registering precompiled unity dll's ...
Register platform support module: C:/Program Files/Unity/Hub/Editor/2020.2.2f1/Editor/Data/PlaybackEngines/WindowsStandaloneSupport/UnityEditor.WindowsStandalone.Extensions.dll
Registered in 0.002151 seconds.
Native extension for WindowsStandalone target not found
Refreshing native plugins compatible for Editor in 77.43 ms, found 0 plugins.
Preloading 0 native plugins for Editor in 0.00 ms.
Invoked RoslynAnalysisRunner static constructor.
RoslynAnalysisRunner will not be running.
RoslynAnalysisRunner has terminated.
Mono: successfully reloaded assembly
- Completed reload, in  2.351 seconds
Platform modules already initialized, skipping
Registering precompiled user dll's ...
Registered in 0.002107 seconds.
Begin MonoManager ReloadAssembly
Error: Could not load signature of Unity.Android.Logcat.AndroidLogcat:.ctor due to: Could not load file or assembly 'UnityEditor.Android.Extensions, Version=1.0.0.0, Culture=neutral, PublicKeyToken=null' or one of its dependencies. assembly:UnityEditor.Android.Extensions, Version=1.0.0.0, Culture=neutral, PublicKeyToken=null type:<unknown type> member:(null) signature:<none>

Unloading broken assembly Library/ScriptAssemblies/Unity.Mobile.AndroidLogcat.Editor.dll, this assembly can cause crashes in the runtime

Native extension for WindowsStandalone target not found
Refreshing native plugins compatible for Editor in 73.88 ms, found 0 plugins.
Preloading 0 native plugins for Editor in 0.00 ms.
Invoked RoslynAnalysisRunner static constructor.
RoslynAnalysisRunner will not be running.
RoslynAnalysisRunner has terminated.
Mono: successfully reloaded assembly
- Completed reload, in  1.360 seconds
Platform modules already initialized, skipping
========================================================================
Worker process is ready to serve import requests
Shader 'Universal Render Pipeline/Particles/Lit': fallback shader 'Universal Render Pipeline/Particles/SimpleLit' not found
Launched and connected shader compiler UnityShaderCompiler.exe after 0.06 seconds
Refreshing native plugins compatible for Editor in 0.88 ms, found 0 plugins.
Preloading 0 native plugins for Editor in 0.00 ms.
Unloading 2511 Unused Serialized files (Serialized files now loaded: 0)
System memory in use before: 207.9 MB.
System memory in use after: 208.1 MB.

Unloading 23 unused Assets to reduce memory usage. Loaded Objects now: 2972.
Total: 3.215300 ms (FindLiveObjects: 0.376200 ms CreateObjectMapping: 0.214100 ms MarkObjects: 2.513500 ms  DeleteObjects: 0.109900 ms)

========================================================================
Received Import Request.
  path: Assets/GameObjects/Utilities/Spawner.prefab
  artifactKey: Guid(13ef5a413b801a64cb5134ca2802f525) Importer(815301076,1909f56bfc062723c751e8b465ee728b)
Start importing Assets/GameObjects/Utilities/Spawner.prefab using Guid(13ef5a413b801a64cb5134ca2802f525) Importer(815301076,1909f56bfc062723c751e8b465ee728b)  -> (artifact id: '53a832b55db1ec1ad78ef6a681b5a2a3') in 0.309472 seconds
  Import took 0.315920 seconds .

========================================================================
Received Import Request.
  Time since last request: 7.159278 seconds.
  path: Assets/GameObjects/Utilities/Spawner.prefab
  artifactKey: Guid(13ef5a413b801a64cb5134ca2802f525) Importer(815301076,1909f56bfc062723c751e8b465ee728b)
Start importing Assets/GameObjects/Utilities/Spawner.prefab using Guid(13ef5a413b801a64cb5134ca2802f525) Importer(815301076,1909f56bfc062723c751e8b465ee728b)  -> (artifact id: '53ceb419d4da403acf2a600b7cdb692d') in 0.014515 seconds
  Import took 0.020902 seconds .

========================================================================
Received Import Request.
  Time since last request: 12.014679 seconds.
  path: Assets/GameObjects/Utilities/Socle.prefab
  artifactKey: Guid(7d8a03f94a197234ea1d100edda82b16) Importer(815301076,1909f56bfc062723c751e8b465ee728b)
Start importing Assets/GameObjects/Utilities/Socle.prefab using Guid(7d8a03f94a197234ea1d100edda82b16) Importer(815301076,1909f56bfc062723c751e8b465ee728b)  -> (artifact id: '060d260ce933e3cf6cc4c50780a789ce') in 0.017309 seconds
  Import took 0.023218 seconds .

========================================================================
Received Import Request.
  Time since last request: 7.638465 seconds.
  path: Assets/GameObjects/Utilities/Ground.prefab
  artifactKey: Guid(046ccc5499584ca4f8e76fe18812b347) Importer(815301076,1909f56bfc062723c751e8b465ee728b)
Start importing Assets/GameObjects/Utilities/Ground.prefab using Guid(046ccc5499584ca4f8e76fe18812b347) Importer(815301076,1909f56bfc062723c751e8b465ee728b)  -> (artifact id: '32139936f492c6055d757656f4d0751e') in 0.014356 seconds
  Import took 0.020651 seconds .

========================================================================
Received Prepare
Registering precompiled user dll's ...
Registered in 0.002304 seconds.
Begin MonoManager ReloadAssembly
Error: Could not load signature of Unity.Android.Logcat.AndroidLogcat:.ctor due to: Could not load file or assembly 'UnityEditor.Android.Extensions, Version=1.0.0.0, Culture=neutral, PublicKeyToken=null' or one of its dependencies. assembly:UnityEditor.Android.Extensions, Version=1.0.0.0, Culture=neutral, PublicKeyToken=null type:<unknown type> member:(null) signature:<none>

Unloading broken assembly Library/ScriptAssemblies/Unity.Mobile.AndroidLogcat.Editor.dll, this assembly can cause crashes in the runtime

Native extension for WindowsStandalone target not found
Refreshing native plugins compatible for Editor in 0.85 ms, found 0 plugins.
Preloading 0 native plugins for Editor in 0.00 ms.
Invoked RoslynAnalysisRunner static constructor.
RoslynAnalysisRunner will not be running.
RoslynAnalysisRunner has terminated.
Mono: successfully reloaded assembly
- Completed reload, in  1.292 seconds
Platform modules already initialized, skipping
Switching build target platform(5) subTarget(0) extendedPlatform(0) -> platform(13) subTarget(537395200) extendedPlatform(0)
Shader 'Universal Render Pipeline/Particles/Lit': fallback shader 'Universal Render Pipeline/Particles/SimpleLit' not found
Refreshing native plugins compatible for Editor in 0.80 ms, found 0 plugins.
Preloading 0 native plugins for Editor in 0.00 ms.
Unloading 2404 Unused Serialized files (Serialized files now loaded: 0)
System memory in use before: 204.5 MB.
System memory in use after: 204.8 MB.

Unloading 18 unused Assets to reduce memory usage. Loaded Objects now: 3022.
Total: 2.803900 ms (FindLiveObjects: 0.344700 ms CreateObjectMapping: 0.152800 ms MarkObjects: 2.278800 ms  DeleteObjects: 0.025900 ms)

AssetImportParameters requested are different than current active one (requested -> active):
  custom:graphics/normal-map-encoding: 01000000000000000000000000000000 -> 02000000000000000000000000000000
========================================================================
Received Import Request.
  Time since last request: 59.608567 seconds.
  path: Assets/GameObjects/Utilities/FlyingSocle.prefab
  artifactKey: Guid(7400f32f4bdc3b44888c0a371062debc) Importer(815301076,1909f56bfc062723c751e8b465ee728b)
Start importing Assets/GameObjects/Utilities/FlyingSocle.prefab using Guid(7400f32f4bdc3b44888c0a371062debc) Importer(815301076,1909f56bfc062723c751e8b465ee728b)  -> (artifact id: '1d1036f8b080405a549984d808368e76') in 0.890544 seconds
  Import took 0.896418 seconds .

========================================================================
Received Import Request.
  Time since last request: 0.883827 seconds.
  path: Assets/GameObjects/Utilities/FlyingSocle.prefab
  artifactKey: Guid(7400f32f4bdc3b44888c0a371062debc) Importer(815301076,1909f56bfc062723c751e8b465ee728b)
Start importing Assets/GameObjects/Utilities/FlyingSocle.prefab using Guid(7400f32f4bdc3b44888c0a371062debc) Importer(815301076,1909f56bfc062723c751e8b465ee728b)  -> (artifact id: '1d1036f8b080405a549984d808368e76') in 0.011695 seconds
  Import took 0.017334 seconds .

========================================================================
Received Prepare
Registering precompiled user dll's ...
Registered in 0.002150 seconds.
Begin MonoManager ReloadAssembly
Error: Could not load signature of Unity.Android.Logcat.AndroidLogcat:.ctor due to: Could not load file or assembly 'UnityEditor.Android.Extensions, Version=1.0.0.0, Culture=neutral, PublicKeyToken=null' or one of its dependencies. assembly:UnityEditor.Android.Extensions, Version=1.0.0.0, Culture=neutral, PublicKeyToken=null type:<unknown type> member:(null) signature:<none>

Unloading broken assembly Library/ScriptAssemblies/Unity.Mobile.AndroidLogcat.Editor.dll, this assembly can cause crashes in the runtime

Native extension for WindowsStandalone target not found
Refreshing native plugins compatible for Editor in 0.85 ms, found 0 plugins.
Preloading 0 native plugins for Editor in 0.00 ms.
Invoked RoslynAnalysisRunner static constructor.
RoslynAnalysisRunner will not be running.
RoslynAnalysisRunner has terminated.
Mono: successfully reloaded assembly
- Completed reload, in  1.278 seconds
Platform modules already initialized, skipping
Switching build target platform(5) subTarget(0) extendedPlatform(0) -> platform(13) subTarget(537395200) extendedPlatform(0)
Shader 'Universal Render Pipeline/Particles/Lit': fallback shader 'Universal Render Pipeline/Particles/SimpleLit' not found
Refreshing native plugins compatible for Editor in 0.79 ms, found 0 plugins.
Preloading 0 native plugins for Editor in 0.00 ms.
Unloading 2404 Unused Serialized files (Serialized files now loaded: 0)
System memory in use before: 205.1 MB.
System memory in use after: 205.3 MB.

Unloading 18 unused Assets to reduce memory usage. Loaded Objects now: 3060.
Total: 2.814800 ms (FindLiveObjects: 0.366200 ms CreateObjectMapping: 0.147500 ms MarkObjects: 2.276400 ms  DeleteObjects: 0.023600 ms)

AssetImportParameters requested are different than current active one (requested -> active):
  custom:graphics/normal-map-encoding: 01000000000000000000000000000000 -> 02000000000000000000000000000000
========================================================================
Received Import Request.
  Time since last request: 25.088989 seconds.
  path: Assets/Scripts/GameController.cs
  artifactKey: Guid(9724a8b41f9411346ae8c8e7c4ea9c5f) Importer(815301076,1909f56bfc062723c751e8b465ee728b)
Start importing Assets/Scripts/GameController.cs using Guid(9724a8b41f9411346ae8c8e7c4ea9c5f) Importer(815301076,1909f56bfc062723c751e8b465ee728b)  -> (artifact id: 'cd8ebbb217d5477609c8d34f973ad977') in 0.015065 seconds
  Import took 0.020849 seconds .

========================================================================
Received Import Request.
  Time since last request: 0.307815 seconds.
  path: Assets/Scripts/GameController.cs
  artifactKey: Guid(9724a8b41f9411346ae8c8e7c4ea9c5f) Importer(815301076,1909f56bfc062723c751e8b465ee728b)
Start importing Assets/Scripts/GameController.cs using Guid(9724a8b41f9411346ae8c8e7c4ea9c5f) Importer(815301076,1909f56bfc062723c751e8b465ee728b)  -> (artifact id: 'cd8ebbb217d5477609c8d34f973ad977') in 0.002982 seconds
  Import took 0.008608 seconds .

========================================================================
Received Prepare
Registering precompiled user dll's ...
Registered in 0.002057 seconds.
Begin MonoManager ReloadAssembly
Error: Could not load signature of Unity.Android.Logcat.AndroidLogcat:.ctor due to: Could not load file or assembly 'UnityEditor.Android.Extensions, Version=1.0.0.0, Culture=neutral, PublicKeyToken=null' or one of its dependencies. assembly:UnityEditor.Android.Extensions, Version=1.0.0.0, Culture=neutral, PublicKeyToken=null type:<unknown type> member:(null) signature:<none>

Unloading broken assembly Library/ScriptAssemblies/Unity.Mobile.AndroidLogcat.Editor.dll, this assembly can cause crashes in the runtime

Native extension for WindowsStandalone target not found
Refreshing native plugins compatible for Editor in 0.80 ms, found 0 plugins.
Preloading 0 native plugins for Editor in 0.00 ms.
Invoked RoslynAnalysisRunner static constructor.
RoslynAnalysisRunner will not be running.
RoslynAnalysisRunner has terminated.
Mono: successfully reloaded assembly
- Completed reload, in  1.240 seconds
Platform modules already initialized, skipping
Switching build target platform(5) subTarget(0) extendedPlatform(0) -> platform(13) subTarget(537395200) extendedPlatform(0)
Shader 'Universal Render Pipeline/Particles/Lit': fallback shader 'Universal Render Pipeline/Particles/SimpleLit' not found
Refreshing native plugins compatible for Editor in 0.81 ms, found 0 plugins.
Preloading 0 native plugins for Editor in 0.00 ms.
Unloading 2404 Unused Serialized files (Serialized files now loaded: 0)
System memory in use before: 205.2 MB.
System memory in use after: 205.4 MB.

Unloading 18 unused Assets to reduce memory usage. Loaded Objects now: 3062.
Total: 2.894400 ms (FindLiveObjects: 0.371400 ms CreateObjectMapping: 0.159800 ms MarkObjects: 2.327500 ms  DeleteObjects: 0.033700 ms)

AssetImportParameters requested are different than current active one (requested -> active):
  custom:graphics/normal-map-encoding: 01000000000000000000000000000000 -> 02000000000000000000000000000000
========================================================================
Received Import Request.
  Time since last request: 43.153926 seconds.
  path: Assets/Scripts/GameController.cs
  artifactKey: Guid(9724a8b41f9411346ae8c8e7c4ea9c5f) Importer(815301076,1909f56bfc062723c751e8b465ee728b)
Start importing Assets/Scripts/GameController.cs using Guid(9724a8b41f9411346ae8c8e7c4ea9c5f) Importer(815301076,1909f56bfc062723c751e8b465ee728b)  -> (artifact id: '501802d82cc71438e3362e8f9cd071e8') in 0.006436 seconds
  Import took 0.011964 seconds .

========================================================================
Received Prepare
Registering precompiled user dll's ...
Registered in 0.003982 seconds.
Begin MonoManager ReloadAssembly
Error: Could not load signature of Unity.Android.Logcat.AndroidLogcat:.ctor due to: Could not load file or assembly 'UnityEditor.Android.Extensions, Version=1.0.0.0, Culture=neutral, PublicKeyToken=null' or one of its dependencies. assembly:UnityEditor.Android.Extensions, Version=1.0.0.0, Culture=neutral, PublicKeyToken=null type:<unknown type> member:(null) signature:<none>

Unloading broken assembly Library/ScriptAssemblies/Unity.Mobile.AndroidLogcat.Editor.dll, this assembly can cause crashes in the runtime

Native extension for WindowsStandalone target not found
Refreshing native plugins compatible for Editor in 0.98 ms, found 0 plugins.
Preloading 0 native plugins for Editor in 0.00 ms.
Invoked RoslynAnalysisRunner static constructor.
RoslynAnalysisRunner will not be running.
RoslynAnalysisRunner has terminated.
Mono: successfully reloaded assembly
- Completed reload, in  1.709 seconds
Platform modules already initialized, skipping
Switching build target platform(5) subTarget(0) extendedPlatform(0) -> platform(13) subTarget(537395200) extendedPlatform(0)
Shader 'Universal Render Pipeline/Particles/Lit': fallback shader 'Universal Render Pipeline/Particles/SimpleLit' not found
Refreshing native plugins compatible for Editor in 0.82 ms, found 0 plugins.
Preloading 0 native plugins for Editor in 0.00 ms.
Unloading 2404 Unused Serialized files (Serialized files now loaded: 0)
System memory in use before: 204.7 MB.
System memory in use after: 204.9 MB.

Unloading 18 unused Assets to reduce memory usage. Loaded Objects now: 3064.
Total: 2.753700 ms (FindLiveObjects: 0.340000 ms CreateObjectMapping: 0.136600 ms MarkObjects: 2.253400 ms  DeleteObjects: 0.022500 ms)

AssetImportParameters requested are different than current active one (requested -> active):
  custom:graphics/normal-map-encoding: 01000000000000000000000000000000 -> 02000000000000000000000000000000
========================================================================
Received Prepare
Registering precompiled user dll's ...
Registered in 0.002494 seconds.
Begin MonoManager ReloadAssembly
Error: Could not load signature of Unity.Android.Logcat.AndroidLogcat:.ctor due to: Could not load file or assembly 'UnityEditor.Android.Extensions, Version=1.0.0.0, Culture=neutral, PublicKeyToken=null' or one of its dependencies. assembly:UnityEditor.Android.Extensions, Version=1.0.0.0, Culture=neutral, PublicKeyToken=null type:<unknown type> member:(null) signature:<none>

Unloading broken assembly Library/ScriptAssemblies/Unity.Mobile.AndroidLogcat.Editor.dll, this assembly can cause crashes in the runtime

Native extension for WindowsStandalone target not found
Refreshing native plugins compatible for Editor in 0.85 ms, found 0 plugins.
Preloading 0 native plugins for Editor in 0.00 ms.
Invoked RoslynAnalysisRunner static constructor.
RoslynAnalysisRunner will not be running.
RoslynAnalysisRunner has terminated.
Mono: successfully reloaded assembly
- Completed reload, in  1.357 seconds
Platform modules already initialized, skipping
Switching build target platform(5) subTarget(0) extendedPlatform(0) -> platform(13) subTarget(537395200) extendedPlatform(0)
Shader 'Universal Render Pipeline/Particles/Lit': fallback shader 'Universal Render Pipeline/Particles/SimpleLit' not found
Refreshing native plugins compatible for Editor in 0.88 ms, found 0 plugins.
Preloading 0 native plugins for Editor in 0.00 ms.
Unloading 2405 Unused Serialized files (Serialized files now loaded: 0)
System memory in use before: 204.9 MB.
System memory in use after: 205.1 MB.

Unloading 18 unused Assets to reduce memory usage. Loaded Objects now: 3067.
Total: 4.168400 ms (FindLiveObjects: 0.437500 ms CreateObjectMapping: 0.195700 ms MarkObjects: 3.500200 ms  DeleteObjects: 0.032800 ms)

AssetImportParameters requested are different than current active one (requested -> active):
  custom:graphics/normal-map-encoding: 01000000000000000000000000000000 -> 02000000000000000000000000000000
========================================================================
Received Prepare
Registering precompiled user dll's ...
Registered in 0.002317 seconds.
Begin MonoManager ReloadAssembly
Error: Could not load signature of Unity.Android.Logcat.AndroidLogcat:.ctor due to: Could not load file or assembly 'UnityEditor.Android.Extensions, Version=1.0.0.0, Culture=neutral, PublicKeyToken=null' or one of its dependencies. assembly:UnityEditor.Android.Extensions, Version=1.0.0.0, Culture=neutral, PublicKeyToken=null type:<unknown type> member:(null) signature:<none>

Unloading broken assembly Library/ScriptAssemblies/Unity.Mobile.AndroidLogcat.Editor.dll, this assembly can cause crashes in the runtime

Native extension for WindowsStandalone target not found
Refreshing native plugins compatible for Editor in 0.96 ms, found 0 plugins.
Preloading 0 native plugins for Editor in 0.00 ms.
Invoked RoslynAnalysisRunner static constructor.
RoslynAnalysisRunner will not be running.
RoslynAnalysisRunner has terminated.
Mono: successfully reloaded assembly
- Completed reload, in  1.582 seconds
Platform modules already initialized, skipping
Switching build target platform(5) subTarget(0) extendedPlatform(0) -> platform(13) subTarget(537395200) extendedPlatform(0)
Shader 'Universal Render Pipeline/Particles/Lit': fallback shader 'Universal Render Pipeline/Particles/SimpleLit' not found
Refreshing native plugins compatible for Editor in 1.03 ms, found 0 plugins.
Preloading 0 native plugins for Editor in 0.00 ms.
Unloading 2405 Unused Serialized files (Serialized files now loaded: 0)
System memory in use before: 205.2 MB.
System memory in use after: 205.4 MB.

Unloading 18 unused Assets to reduce memory usage. Loaded Objects now: 3069.
Total: 3.741900 ms (FindLiveObjects: 0.404200 ms CreateObjectMapping: 0.167900 ms MarkObjects: 3.142800 ms  DeleteObjects: 0.025500 ms)

AssetImportParameters requested are different than current active one (requested -> active):
  custom:graphics/normal-map-encoding: 01000000000000000000000000000000 -> 02000000000000000000000000000000
========================================================================
Received Prepare
Registering precompiled user dll's ...
Registered in 0.002107 seconds.
Begin MonoManager ReloadAssembly
Error: Could not load signature of Unity.Android.Logcat.AndroidLogcat:.ctor due to: Could not load file or assembly 'UnityEditor.Android.Extensions, Version=1.0.0.0, Culture=neutral, PublicKeyToken=null' or one of its dependencies. assembly:UnityEditor.Android.Extensions, Version=1.0.0.0, Culture=neutral, PublicKeyToken=null type:<unknown type> member:(null) signature:<none>

Unloading broken assembly Library/ScriptAssemblies/Unity.Mobile.AndroidLogcat.Editor.dll, this assembly can cause crashes in the runtime

Native extension for WindowsStandalone target not found
Refreshing native plugins compatible for Editor in 0.79 ms, found 0 plugins.
Preloading 0 native plugins for Editor in 0.00 ms.
Invoked RoslynAnalysisRunner static constructor.
RoslynAnalysisRunner will not be running.
RoslynAnalysisRunner has terminated.
Mono: successfully reloaded assembly
- Completed reload, in  1.252 seconds
Platform modules already initialized, skipping
Switching build target platform(5) subTarget(0) extendedPlatform(0) -> platform(13) subTarget(537395200) extendedPlatform(0)
Shader 'Universal Render Pipeline/Particles/Lit': fallback shader 'Universal Render Pipeline/Particles/SimpleLit' not found
Refreshing native plugins compatible for Editor in 0.81 ms, found 0 plugins.
Preloading 0 native plugins for Editor in 0.00 ms.
Unloading 2405 Unused Serialized files (Serialized files now loaded: 0)
System memory in use before: 204.5 MB.
System memory in use after: 204.8 MB.

Unloading 18 unused Assets to reduce memory usage. Loaded Objects now: 3071.
Total: 2.982800 ms (FindLiveObjects: 0.361900 ms CreateObjectMapping: 0.135600 ms MarkObjects: 2.458900 ms  DeleteObjects: 0.025000 ms)

AssetImportParameters requested are different than current active one (requested -> active):
  custom:graphics/normal-map-encoding: 01000000000000000000000000000000 -> 02000000000000000000000000000000
========================================================================
Received Import Request.
  Time since last request: 847.774568 seconds.
  path: Assets/GameObjects/Utilities/uploads_files_922374_Cloud+3.prefab
  artifactKey: Guid(cbd7087903999074790b69eb05a7fbe8) Importer(815301076,1909f56bfc062723c751e8b465ee728b)
Start importing Assets/GameObjects/Utilities/uploads_files_922374_Cloud+3.prefab using Guid(cbd7087903999074790b69eb05a7fbe8) Importer(815301076,1909f56bfc062723c751e8b465ee728b)  -> (artifact id: 'f8861002ec413a861135b4b1b0a1dc44') in 0.209658 seconds
  Import took 0.216017 seconds .

========================================================================
Received Import Request.
  Time since last request: 8.767959 seconds.
  path: Assets/GameObjects/Utilities/Cloud_MoveRight.prefab
  artifactKey: Guid(cbd7087903999074790b69eb05a7fbe8) Importer(815301076,1909f56bfc062723c751e8b465ee728b)
Start importing Assets/GameObjects/Utilities/Cloud_MoveRight.prefab using Guid(cbd7087903999074790b69eb05a7fbe8) Importer(815301076,1909f56bfc062723c751e8b465ee728b)  -> (artifact id: 'bd572d004b3f8959210f9296ab67993a') in 0.014092 seconds
  Import took 0.020564 seconds .

========================================================================
Received Prepare
Registering precompiled user dll's ...
Registered in 0.002064 seconds.
Begin MonoManager ReloadAssembly
Error: Could not load signature of Unity.Android.Logcat.AndroidLogcat:.ctor due to: Could not load file or assembly 'UnityEditor.Android.Extensions, Version=1.0.0.0, Culture=neutral, PublicKeyToken=null' or one of its dependencies. assembly:UnityEditor.Android.Extensions, Version=1.0.0.0, Culture=neutral, PublicKeyToken=null type:<unknown type> member:(null) signature:<none>

Unloading broken assembly Library/ScriptAssemblies/Unity.Mobile.AndroidLogcat.Editor.dll, this assembly can cause crashes in the runtime

Native extension for WindowsStandalone target not found
Refreshing native plugins compatible for Editor in 0.83 ms, found 0 plugins.
Preloading 0 native plugins for Editor in 0.00 ms.
Invoked RoslynAnalysisRunner static constructor.
RoslynAnalysisRunner will not be running.
RoslynAnalysisRunner has terminated.
Mono: successfully reloaded assembly
- Completed reload, in  1.375 seconds
Platform modules already initialized, skipping
Switching build target platform(5) subTarget(0) extendedPlatform(0) -> platform(13) subTarget(537395200) extendedPlatform(0)
Shader 'Universal Render Pipeline/Particles/Lit': fallback shader 'Universal Render Pipeline/Particles/SimpleLit' not found
Refreshing native plugins compatible for Editor in 0.94 ms, found 0 plugins.
Preloading 0 native plugins for Editor in 0.00 ms.
Unloading 2406 Unused Serialized files (Serialized files now loaded: 0)
System memory in use before: 205.0 MB.
System memory in use after: 205.2 MB.

Unloading 18 unused Assets to reduce memory usage. Loaded Objects now: 3110.
Total: 3.333300 ms (FindLiveObjects: 0.376200 ms CreateObjectMapping: 0.143800 ms MarkObjects: 2.788300 ms  DeleteObjects: 0.023700 ms)

AssetImportParameters requested are different than current active one (requested -> active):
  custom:graphics/normal-map-encoding: 01000000000000000000000000000000 -> 02000000000000000000000000000000
========================================================================
Received Prepare
Registering precompiled user dll's ...
Registered in 0.002116 seconds.
Begin MonoManager ReloadAssembly
Error: Could not load signature of Unity.Android.Logcat.AndroidLogcat:.ctor due to: Could not load file or assembly 'UnityEditor.Android.Extensions, Version=1.0.0.0, Culture=neutral, PublicKeyToken=null' or one of its dependencies. assembly:UnityEditor.Android.Extensions, Version=1.0.0.0, Culture=neutral, PublicKeyToken=null type:<unknown type> member:(null) signature:<none>

Unloading broken assembly Library/ScriptAssemblies/Unity.Mobile.AndroidLogcat.Editor.dll, this assembly can cause crashes in the runtime

Native extension for WindowsStandalone target not found
Refreshing native plugins compatible for Editor in 0.78 ms, found 0 plugins.
Preloading 0 native plugins for Editor in 0.00 ms.
Invoked RoslynAnalysisRunner static constructor.
RoslynAnalysisRunner will not be running.
RoslynAnalysisRunner has terminated.
Mono: successfully reloaded assembly
- Completed reload, in  1.278 seconds
Platform modules already initialized, skipping
Switching build target platform(5) subTarget(0) extendedPlatform(0) -> platform(13) subTarget(537395200) extendedPlatform(0)
Shader 'Universal Render Pipeline/Particles/Lit': fallback shader 'Universal Render Pipeline/Particles/SimpleLit' not found
Refreshing native plugins compatible for Editor in 0.80 ms, found 0 plugins.
Preloading 0 native plugins for Editor in 0.00 ms.
Unloading 2406 Unused Serialized files (Serialized files now loaded: 0)
System memory in use before: 205.2 MB.
System memory in use after: 205.5 MB.

Unloading 18 unused Assets to reduce memory usage. Loaded Objects now: 3112.
Total: 3.129500 ms (FindLiveObjects: 0.387400 ms CreateObjectMapping: 0.174900 ms MarkObjects: 2.542300 ms  DeleteObjects: 0.023900 ms)

AssetImportParameters requested are different than current active one (requested -> active):
  custom:graphics/normal-map-encoding: 01000000000000000000000000000000 -> 02000000000000000000000000000000
========================================================================
Received Import Request.
  Time since last request: 85.419176 seconds.
  path: Assets/GameObjects/Utilities/uploads_files_922374_Cloud+3 (1).prefab
  artifactKey: Guid(ab528c6d72de986419b08ccbff7373a3) Importer(815301076,1909f56bfc062723c751e8b465ee728b)
Start importing Assets/GameObjects/Utilities/uploads_files_922374_Cloud+3 (1).prefab using Guid(ab528c6d72de986419b08ccbff7373a3) Importer(815301076,1909f56bfc062723c751e8b465ee728b)  -> (artifact id: 'f5466198807a11eb95816cce4f4c83cf') in 0.210158 seconds
  Import took 0.216469 seconds .

========================================================================
Received Import Request.
  Time since last request: 9.726806 seconds.
  path: Assets/GameObjects/Utilities/Cloud_MoveLeft.prefab
  artifactKey: Guid(ab528c6d72de986419b08ccbff7373a3) Importer(815301076,1909f56bfc062723c751e8b465ee728b)
Start importing Assets/GameObjects/Utilities/Cloud_MoveLeft.prefab using Guid(ab528c6d72de986419b08ccbff7373a3) Importer(815301076,1909f56bfc062723c751e8b465ee728b)  -> (artifact id: '4c05758488cdd4a0abddb1e6f5f04bb5') in 0.014950 seconds
  Import took 0.021650 seconds .

========================================================================
Received Import Request.
  Time since last request: 6.425478 seconds.
  path: Assets/GameObjects/Utilities/Cloud_MoveLeft.prefab
  artifactKey: Guid(ab528c6d72de986419b08ccbff7373a3) Importer(815301076,1909f56bfc062723c751e8b465ee728b)
Start importing Assets/GameObjects/Utilities/Cloud_MoveLeft.prefab using Guid(ab528c6d72de986419b08ccbff7373a3) Importer(815301076,1909f56bfc062723c751e8b465ee728b)  -> (artifact id: 'af2eb5cf09d6cb0649679531f8f3175c') in 0.013161 seconds
  Import took 0.019311 seconds .

========================================================================
Received Import Request.
  Time since last request: 0.006595 seconds.
  path: Assets/GameObjects/Utilities/Cloud_MoveLeft.prefab
  artifactKey: Guid(ab528c6d72de986419b08ccbff7373a3) Importer(815301076,1909f56bfc062723c751e8b465ee728b)
Start importing Assets/GameObjects/Utilities/Cloud_MoveLeft.prefab using Guid(ab528c6d72de986419b08ccbff7373a3) Importer(815301076,1909f56bfc062723c751e8b465ee728b)  -> (artifact id: 'af2eb5cf09d6cb0649679531f8f3175c') in 0.013720 seconds
  Import took 0.021145 seconds .

========================================================================
Received Import Request.
  Time since last request: 3.673679 seconds.
  path: Assets/GameObjects/Utilities/Cloud_MoveLeft.prefab
  artifactKey: Guid(ab528c6d72de986419b08ccbff7373a3) Importer(815301076,1909f56bfc062723c751e8b465ee728b)
Start importing Assets/GameObjects/Utilities/Cloud_MoveLeft.prefab using Guid(ab528c6d72de986419b08ccbff7373a3) Importer(815301076,1909f56bfc062723c751e8b465ee728b)  -> (artifact id: 'ae6a4426b0dc28f2ecabc779c1b24e84') in 0.012688 seconds
  Import took 0.019372 seconds .

========================================================================
Received Import Request.
  Time since last request: 4.149636 seconds.
  path: Assets/GameObjects/Utilities/Cloud_MoveRight.prefab
  artifactKey: Guid(cbd7087903999074790b69eb05a7fbe8) Importer(815301076,1909f56bfc062723c751e8b465ee728b)
Start importing Assets/GameObjects/Utilities/Cloud_MoveRight.prefab using Guid(cbd7087903999074790b69eb05a7fbe8) Importer(815301076,1909f56bfc062723c751e8b465ee728b)  -> (artifact id: '18f1c6d4e15e6d6beeeddd8123ba71d2') in 0.012453 seconds
  Import took 0.019574 seconds .

========================================================================
Received Import Request.
  Time since last request: 0.005716 seconds.
  path: Assets/GameObjects/Utilities/Cloud_MoveRight.prefab
  artifactKey: Guid(cbd7087903999074790b69eb05a7fbe8) Importer(815301076,1909f56bfc062723c751e8b465ee728b)
Start importing Assets/GameObjects/Utilities/Cloud_MoveRight.prefab using Guid(cbd7087903999074790b69eb05a7fbe8) Importer(815301076,1909f56bfc062723c751e8b465ee728b)  -> (artifact id: '18f1c6d4e15e6d6beeeddd8123ba71d2') in 0.016654 seconds
  Import took 0.022725 seconds .

========================================================================
Received Import Request.
  Time since last request: 3.869542 seconds.
  path: Assets/GameObjects/Utilities/Cloud_MoveRight.prefab
  artifactKey: Guid(cbd7087903999074790b69eb05a7fbe8) Importer(815301076,1909f56bfc062723c751e8b465ee728b)
Start importing Assets/GameObjects/Utilities/Cloud_MoveRight.prefab using Guid(cbd7087903999074790b69eb05a7fbe8) Importer(815301076,1909f56bfc062723c751e8b465ee728b)  -> (artifact id: '9841aee4c35c7e3752a4078ac0641d0f') in 0.012674 seconds
  Import took 0.019196 seconds .

========================================================================
Received Prepare
Registering precompiled user dll's ...
Registered in 0.002102 seconds.
Begin MonoManager ReloadAssembly
Error: Could not load signature of Unity.Android.Logcat.AndroidLogcat:.ctor due to: Could not load file or assembly 'UnityEditor.Android.Extensions, Version=1.0.0.0, Culture=neutral, PublicKeyToken=null' or one of its dependencies. assembly:UnityEditor.Android.Extensions, Version=1.0.0.0, Culture=neutral, PublicKeyToken=null type:<unknown type> member:(null) signature:<none>

Unloading broken assembly Library/ScriptAssemblies/Unity.Mobile.AndroidLogcat.Editor.dll, this assembly can cause crashes in the runtime

Native extension for WindowsStandalone target not found
Refreshing native plugins compatible for Editor in 0.80 ms, found 0 plugins.
Preloading 0 native plugins for Editor in 0.00 ms.
Invoked RoslynAnalysisRunner static constructor.
RoslynAnalysisRunner will not be running.
RoslynAnalysisRunner has terminated.
Mono: successfully reloaded assembly
- Completed reload, in  1.370 seconds
Platform modules already initialized, skipping
Switching build target platform(5) subTarget(0) extendedPlatform(0) -> platform(13) subTarget(537395200) extendedPlatform(0)
Shader 'Universal Render Pipeline/Particles/Lit': fallback shader 'Universal Render Pipeline/Particles/SimpleLit' not found
Refreshing native plugins compatible for Editor in 0.79 ms, found 0 plugins.
Preloading 0 native plugins for Editor in 0.00 ms.
Unloading 2406 Unused Serialized files (Serialized files now loaded: 0)
System memory in use before: 205.4 MB.
System memory in use after: 205.6 MB.

Unloading 18 unused Assets to reduce memory usage. Loaded Objects now: 3150.
Total: 2.737900 ms (FindLiveObjects: 0.353400 ms CreateObjectMapping: 0.131900 ms MarkObjects: 2.229800 ms  DeleteObjects: 0.021900 ms)

AssetImportParameters requested are different than current active one (requested -> active):
  custom:graphics/normal-map-encoding: 01000000000000000000000000000000 -> 02000000000000000000000000000000
========================================================================
Received Import Request.
  Time since last request: 457.155830 seconds.
  path: Assets/GameObjects/Utilities/Cloud_MoveLeft.prefab
  artifactKey: Guid(ab528c6d72de986419b08ccbff7373a3) Importer(815301076,1909f56bfc062723c751e8b465ee728b)
Start importing Assets/GameObjects/Utilities/Cloud_MoveLeft.prefab using Guid(ab528c6d72de986419b08ccbff7373a3) Importer(815301076,1909f56bfc062723c751e8b465ee728b)  -> (artifact id: '635ebf6a5f4330672ec878478fadc287') in 0.195537 seconds
  Import took 0.201287 seconds .

========================================================================
Received Import Request.
  Time since last request: 0.000286 seconds.
  path: Assets/GameObjects/Utilities/Cloud_MoveRight.prefab
  artifactKey: Guid(cbd7087903999074790b69eb05a7fbe8) Importer(815301076,1909f56bfc062723c751e8b465ee728b)
Start importing Assets/GameObjects/Utilities/Cloud_MoveRight.prefab using Guid(cbd7087903999074790b69eb05a7fbe8) Importer(815301076,1909f56bfc062723c751e8b465ee728b)  -> (artifact id: 'e70442e1e2ef3b42102c39080668e782') in 0.010732 seconds
  Import took 0.016301 seconds .

========================================================================
Received Prepare
Registering precompiled user dll's ...
Registered in 0.002749 seconds.
Begin MonoManager ReloadAssembly
Error: Could not load signature of Unity.Android.Logcat.AndroidLogcat:.ctor due to: Could not load file or assembly 'UnityEditor.Android.Extensions, Version=1.0.0.0, Culture=neutral, PublicKeyToken=null' or one of its dependencies. assembly:UnityEditor.Android.Extensions, Version=1.0.0.0, Culture=neutral, PublicKeyToken=null type:<unknown type> member:(null) signature:<none>

Unloading broken assembly Library/ScriptAssemblies/Unity.Mobile.AndroidLogcat.Editor.dll, this assembly can cause crashes in the runtime

Native extension for WindowsStandalone target not found
Refreshing native plugins compatible for Editor in 0.92 ms, found 0 plugins.
Preloading 0 native plugins for Editor in 0.00 ms.
Invoked RoslynAnalysisRunner static constructor.
RoslynAnalysisRunner will not be running.
RoslynAnalysisRunner has terminated.
Mono: successfully reloaded assembly
- Completed reload, in  1.424 seconds
Platform modules already initialized, skipping
Switching build target platform(5) subTarget(0) extendedPlatform(0) -> platform(13) subTarget(537395200) extendedPlatform(0)
Shader 'Universal Render Pipeline/Particles/Lit': fallback shader 'Universal Render Pipeline/Particles/SimpleLit' not found
Refreshing native plugins compatible for Editor in 0.85 ms, found 0 plugins.
Preloading 0 native plugins for Editor in 0.00 ms.
Unloading 2406 Unused Serialized files (Serialized files now loaded: 0)
System memory in use before: 205.1 MB.
System memory in use after: 205.3 MB.

Unloading 18 unused Assets to reduce memory usage. Loaded Objects now: 3188.
Total: 3.133200 ms (FindLiveObjects: 0.395700 ms CreateObjectMapping: 0.151200 ms MarkObjects: 2.558400 ms  DeleteObjects: 0.026800 ms)

AssetImportParameters requested are different than current active one (requested -> active):
  custom:graphics/normal-map-encoding: 01000000000000000000000000000000 -> 02000000000000000000000000000000
========================================================================
Received Import Request.
  Time since last request: 1561.784091 seconds.
  path: Assets/GameObjects/Bricks/Style1/ExplosiveBrick.prefab
  artifactKey: Guid(c4a79176c60156244b7308e793bde70b) Importer(815301076,1909f56bfc062723c751e8b465ee728b)
Start importing Assets/GameObjects/Bricks/Style1/ExplosiveBrick.prefab using Guid(c4a79176c60156244b7308e793bde70b) Importer(815301076,1909f56bfc062723c751e8b465ee728b)  -> (artifact id: '6f7702c340815591cddb6ff59340d84e') in 0.682237 seconds
  Import took 0.689231 seconds .

========================================================================
Received Prepare
Registering precompiled user dll's ...
Registered in 0.002433 seconds.
Begin MonoManager ReloadAssembly
Error: Could not load signature of Unity.Android.Logcat.AndroidLogcat:.ctor due to: Could not load file or assembly 'UnityEditor.Android.Extensions, Version=1.0.0.0, Culture=neutral, PublicKeyToken=null' or one of its dependencies. assembly:UnityEditor.Android.Extensions, Version=1.0.0.0, Culture=neutral, PublicKeyToken=null type:<unknown type> member:(null) signature:<none>

Unloading broken assembly Library/ScriptAssemblies/Unity.Mobile.AndroidLogcat.Editor.dll, this assembly can cause crashes in the runtime

Native extension for WindowsStandalone target not found
Refreshing native plugins compatible for Editor in 0.82 ms, found 0 plugins.
Preloading 0 native plugins for Editor in 0.00 ms.
Invoked RoslynAnalysisRunner static constructor.
RoslynAnalysisRunner will not be running.
RoslynAnalysisRunner has terminated.
Mono: successfully reloaded assembly
- Completed reload, in  1.385 seconds
Platform modules already initialized, skipping
Switching build target platform(5) subTarget(0) extendedPlatform(0) -> platform(13) subTarget(537395200) extendedPlatform(0)
Shader 'Universal Render Pipeline/Particles/Lit': fallback shader 'Universal Render Pipeline/Particles/SimpleLit' not found
Refreshing native plugins compatible for Editor in 0.82 ms, found 0 plugins.
Preloading 0 native plugins for Editor in 0.00 ms.
Unloading 2406 Unused Serialized files (Serialized files now loaded: 0)
System memory in use before: 205.6 MB.
System memory in use after: 205.8 MB.

Unloading 18 unused Assets to reduce memory usage. Loaded Objects now: 3226.
Total: 2.946000 ms (FindLiveObjects: 0.382600 ms CreateObjectMapping: 0.127700 ms MarkObjects: 2.409900 ms  DeleteObjects: 0.024800 ms)

AssetImportParameters requested are different than current active one (requested -> active):
  custom:graphics/normal-map-encoding: 01000000000000000000000000000000 -> 02000000000000000000000000000000
========================================================================
Received Prepare
Registering precompiled user dll's ...
Registered in 0.002162 seconds.
Begin MonoManager ReloadAssembly
Error: Could not load signature of Unity.Android.Logcat.AndroidLogcat:.ctor due to: Could not load file or assembly 'UnityEditor.Android.Extensions, Version=1.0.0.0, Culture=neutral, PublicKeyToken=null' or one of its dependencies. assembly:UnityEditor.Android.Extensions, Version=1.0.0.0, Culture=neutral, PublicKeyToken=null type:<unknown type> member:(null) signature:<none>

Unloading broken assembly Library/ScriptAssemblies/Unity.Mobile.AndroidLogcat.Editor.dll, this assembly can cause crashes in the runtime

Native extension for WindowsStandalone target not found
Refreshing native plugins compatible for Editor in 0.90 ms, found 0 plugins.
Preloading 0 native plugins for Editor in 0.00 ms.
Invoked RoslynAnalysisRunner static constructor.
RoslynAnalysisRunner will not be running.
RoslynAnalysisRunner has terminated.
Mono: successfully reloaded assembly
- Completed reload, in  1.452 seconds
Platform modules already initialized, skipping
Switching build target platform(5) subTarget(0) extendedPlatform(0) -> platform(13) subTarget(537395200) extendedPlatform(0)
Shader 'Universal Render Pipeline/Particles/Lit': fallback shader 'Universal Render Pipeline/Particles/SimpleLit' not found
Refreshing native plugins compatible for Editor in 0.81 ms, found 0 plugins.
Preloading 0 native plugins for Editor in 0.00 ms.
Unloading 2406 Unused Serialized files (Serialized files now loaded: 0)
System memory in use before: 205.8 MB.
System memory in use after: 206.1 MB.

Unloading 18 unused Assets to reduce memory usage. Loaded Objects now: 3228.
Total: 3.565200 ms (FindLiveObjects: 0.462900 ms CreateObjectMapping: 0.162800 ms MarkObjects: 2.912900 ms  DeleteObjects: 0.025100 ms)

AssetImportParameters requested are different than current active one (requested -> active):
  custom:graphics/normal-map-encoding: 01000000000000000000000000000000 -> 02000000000000000000000000000000
========================================================================
Received Import Request.
  Time since last request: 423.389195 seconds.
  path: Assets/GameObjects/Bricks/Style1/GoldenBrick.prefab
  artifactKey: Guid(c39041d0eb1e560419e91860d0d7c6e7) Importer(815301076,1909f56bfc062723c751e8b465ee728b)
Start importing Assets/GameObjects/Bricks/Style1/GoldenBrick.prefab using Guid(c39041d0eb1e560419e91860d0d7c6e7) Importer(815301076,1909f56bfc062723c751e8b465ee728b)  -> (artifact id: '172d0a6d206827f4b5bf71d66b75357b') in 0.641711 seconds
  Import took 0.648088 seconds .

========================================================================
Received Import Request.
  Time since last request: 1.731473 seconds.
  path: Assets/GameObjects/Bricks/Style1/GoldenBrick.prefab
  artifactKey: Guid(c39041d0eb1e560419e91860d0d7c6e7) Importer(815301076,1909f56bfc062723c751e8b465ee728b)
Start importing Assets/GameObjects/Bricks/Style1/GoldenBrick.prefab using Guid(c39041d0eb1e560419e91860d0d7c6e7) Importer(815301076,1909f56bfc062723c751e8b465ee728b)  -> (artifact id: 'b0e2532e78a49060da666c0e56680eda') in 0.019561 seconds
  Import took 0.026835 seconds .

========================================================================
Received Import Request.
  Time since last request: 16.375925 seconds.
  path: Assets/GameObjects/Bricks/Style1/GoldenBrick.prefab
  artifactKey: Guid(c39041d0eb1e560419e91860d0d7c6e7) Importer(815301076,1909f56bfc062723c751e8b465ee728b)
Start importing Assets/GameObjects/Bricks/Style1/GoldenBrick.prefab using Guid(c39041d0eb1e560419e91860d0d7c6e7) Importer(815301076,1909f56bfc062723c751e8b465ee728b)  -> (artifact id: '6cccdd0e7f91321cdce0a106908b47ab') in 0.017476 seconds
  Import took 0.024475 seconds .

========================================================================
Received Import Request.
  Time since last request: 3.610654 seconds.
  path: Assets/GameObjects/Bricks/Style1/GoldenBrick.prefab
  artifactKey: Guid(c39041d0eb1e560419e91860d0d7c6e7) Importer(815301076,1909f56bfc062723c751e8b465ee728b)
Start importing Assets/GameObjects/Bricks/Style1/GoldenBrick.prefab using Guid(c39041d0eb1e560419e91860d0d7c6e7) Importer(815301076,1909f56bfc062723c751e8b465ee728b)  -> (artifact id: '417c5a46407fda7f2fbddabdce911cd4') in 0.017384 seconds
  Import took 0.024813 seconds .

========================================================================
Received Import Request.
  Time since last request: 2.812569 seconds.
  path: Assets/GameObjects/Bricks/Style1/GoldenBrick.prefab
  artifactKey: Guid(c39041d0eb1e560419e91860d0d7c6e7) Importer(815301076,1909f56bfc062723c751e8b465ee728b)
Start importing Assets/GameObjects/Bricks/Style1/GoldenBrick.prefab using Guid(c39041d0eb1e560419e91860d0d7c6e7) Importer(815301076,1909f56bfc062723c751e8b465ee728b)  -> (artifact id: '9886e9b007ca3486fad5cb899d2990b7') in 0.016698 seconds
  Import took 0.023276 seconds .

========================================================================
Received Prepare
Registering precompiled user dll's ...
Registered in 0.002023 seconds.
Begin MonoManager ReloadAssembly
Error: Could not load signature of Unity.Android.Logcat.AndroidLogcat:.ctor due to: Could not load file or assembly 'UnityEditor.Android.Extensions, Version=1.0.0.0, Culture=neutral, PublicKeyToken=null' or one of its dependencies. assembly:UnityEditor.Android.Extensions, Version=1.0.0.0, Culture=neutral, PublicKeyToken=null type:<unknown type> member:(null) signature:<none>

Unloading broken assembly Library/ScriptAssemblies/Unity.Mobile.AndroidLogcat.Editor.dll, this assembly can cause crashes in the runtime

Native extension for WindowsStandalone target not found
Refreshing native plugins compatible for Editor in 0.81 ms, found 0 plugins.
Preloading 0 native plugins for Editor in 0.00 ms.
Invoked RoslynAnalysisRunner static constructor.
RoslynAnalysisRunner will not be running.
RoslynAnalysisRunner has terminated.
Mono: successfully reloaded assembly
- Completed reload, in  1.413 seconds
Platform modules already initialized, skipping
Switching build target platform(5) subTarget(0) extendedPlatform(0) -> platform(13) subTarget(537395200) extendedPlatform(0)
Shader 'Universal Render Pipeline/Particles/Lit': fallback shader 'Universal Render Pipeline/Particles/SimpleLit' not found
Refreshing native plugins compatible for Editor in 0.79 ms, found 0 plugins.
Preloading 0 native plugins for Editor in 0.00 ms.
Unloading 2406 Unused Serialized files (Serialized files now loaded: 0)
System memory in use before: 205.3 MB.
System memory in use after: 205.5 MB.

Unloading 18 unused Assets to reduce memory usage. Loaded Objects now: 3266.
Total: 3.071200 ms (FindLiveObjects: 0.387700 ms CreateObjectMapping: 0.130600 ms MarkObjects: 2.525900 ms  DeleteObjects: 0.025700 ms)

AssetImportParameters requested are different than current active one (requested -> active):
  custom:graphics/normal-map-encoding: 01000000000000000000000000000000 -> 02000000000000000000000000000000
========================================================================
Received Import Request.
  Time since last request: 797.038217 seconds.
  path: Assets/Materials/MiniExplosiveBrick.mat
  artifactKey: Guid(eab00b0f5469e0b48a4a5deba7dadb84) Importer(815301076,1909f56bfc062723c751e8b465ee728b)
Start importing Assets/Materials/MiniExplosiveBrick.mat using Guid(eab00b0f5469e0b48a4a5deba7dadb84) Importer(815301076,1909f56bfc062723c751e8b465ee728b)  -> (artifact id: 'a07a4841b4811a146ed7ff36fa31de16') in 0.847254 seconds
  Import took 0.853262 seconds .

AssetImportWorkerClient::OnTransportError - code=2 error=End of file
